0 info it worked if it ends with ok
1 verbose cli [ '/usr/local/bin/node', '/usr/local/bin/npm', 'run', 'test' ]
2 info using npm@3.10.10
3 info using node@v6.11.4
4 verbose run-script [ 'pretest', 'test', 'posttest' ]
5 info lifecycle Articles-List@1.0.0~pretest: Articles-List@1.0.0
6 silly lifecycle Articles-List@1.0.0~pretest: no script for pretest, continuing
7 info lifecycle Articles-List@1.0.0~test: Articles-List@1.0.0
8 verbose lifecycle Articles-List@1.0.0~test: unsafe-perm in lifecycle true
9 verbose lifecycle Articles-List@1.0.0~test: PATH: /usr/local/lib/node_modules/npm/bin/node-gyp-bin:/Users/anastasiazaharova/Desktop/nananananabatman.github.io/angular-task/node_modules/.bin:/usr/local/bin:/usr/bin:/bin:/usr/sbin:/sbin
10 verbose lifecycle Articles-List@1.0.0~test: CWD: /Users/anastasiazaharova/Desktop/nananananabatman.github.io/angular-task
11 silly lifecycle Articles-List@1.0.0~test: Args: [ '-c', 'karma start' ]
12 silly lifecycle Articles-List@1.0.0~test: Returned: code: 1  signal: null
13 info lifecycle Articles-List@1.0.0~test: Failed to exec test script
14 verbose stack Error: Articles-List@1.0.0 test: `karma start`
14 verbose stack Exit status 1
14 verbose stack     at EventEmitter.<anonymous> (/usr/local/lib/node_modules/npm/lib/utils/lifecycle.js:255:16)
14 verbose stack     at emitTwo (events.js:106:13)
14 verbose stack     at EventEmitter.emit (events.js:191:7)
14 verbose stack     at ChildProcess.<anonymous> (/usr/local/lib/node_modules/npm/lib/utils/spawn.js:40:14)
14 verbose stack     at emitTwo (events.js:106:13)
14 verbose stack     at ChildProcess.emit (events.js:191:7)
14 verbose stack     at maybeClose (internal/child_process.js:920:16)
14 verbose stack     at Process.ChildProcess._handle.onexit (internal/child_process.js:230:5)
15 verbose pkgid Articles-List@1.0.0
16 verbose cwd /Users/anastasiazaharova/Desktop/nananananabatman.github.io/angular-task
17 error Darwin 17.4.0
18 error argv "/usr/local/bin/node" "/usr/local/bin/npm" "run" "test"
19 error node v6.11.4
20 error npm  v3.10.10
21 error code ELIFECYCLE
22 error Articles-List@1.0.0 test: `karma start`
22 error Exit status 1
23 error Failed at the Articles-List@1.0.0 test script 'karma start'.
23 error Make sure you have the latest version of node.js and npm installed.
23 error If you do, this is most likely a problem with the Articles-List package,
23 error not with npm itself.
23 error Tell the author that this fails on your system:
23 error     karma start
23 error You can get information on how to open an issue for this project with:
23 error     npm bugs Articles-List
23 error Or if that isn't available, you can get their info via:
23 error     npm owner ls Articles-List
23 error There is likely additional logging output above.
24 verbose exit [ 1, true ]
