{"level":"info","message":"It is a GET request for blogs","timestamp":"2:12:14 AM"}
{"level":"info","message":"It is a GET request for blogs","timestamp":"2:12:14 AM"}
{"level":"info","message":"It is a GET request for blogs","timestamp":"2:12:36 AM"}
{"level":"info","message":"It is a GET request for blogs","timestamp":"2:12:36 AM"}
{"level":"info","message":"It is a POST request for blogs: [object Object]","timestamp":"2:12:40 AM"}
{"level":"info","message":"It is a GET request for blogs","timestamp":"2:12:40 AM"}
{"level":"info","message":"It is a GET request for blogs","timestamp":"2:13:49 AM"}
{"level":"info","message":"It is a GET request for blogs","timestamp":"2:13:49 AM"}
{"level":"info","message":"It is a POST request for blogs: {}","timestamp":"2:13:53 AM"}
{"level":"info","message":"It is a GET request for blogs","timestamp":"2:13:53 AM"}
{"level":"info","message":"It is a GET request for blogs","timestamp":"2:14:51 AM"}
{"level":"info","message":"It is a GET request for blogs","timestamp":"2:14:51 AM"}
{"message":"Converting circular structure to JSON","stack":"TypeError: Converting circular structure to JSON\n    at Object.stringify (native)\n    at router.route.get.post (/Users/anastasiazaharova/Desktop/nananananabatman.github.io/NodeTask1/app.router.js:81:63)\n    at Layer.handle [as handle_request] (/Users/anastasiazaharova/Desktop/nananananabatman.github.io/NodeTask1/node_modules/express/lib/router/layer.js:95:5)\n    at next (/Users/anastasiazaharova/Desktop/nananananabatman.github.io/NodeTask1/node_modules/express/lib/router/route.js:137:13)\n    at next (/Users/anastasiazaharova/Desktop/nananananabatman.github.io/NodeTask1/node_modules/express/lib/router/route.js:131:14)\n    at Route.dispatch (/Users/anastasiazaharova/Desktop/nananananabatman.github.io/NodeTask1/node_modules/express/lib/router/route.js:112:3)\n    at Layer.handle [as handle_request] (/Users/anastasiazaharova/Desktop/nananananabatman.github.io/NodeTask1/node_modules/express/lib/router/layer.js:95:5)\n    at /Users/anastasiazaharova/Desktop/nananananabatman.github.io/NodeTask1/node_modules/express/lib/router/index.js:281:22\n    at Function.process_params (/Users/anastasiazaharova/Desktop/nananananabatman.github.io/NodeTask1/node_modules/express/lib/router/index.js:335:12)\n    at next (/Users/anastasiazaharova/Desktop/nananananabatman.github.io/NodeTask1/node_modules/express/lib/router/index.js:275:10)\n    at Function.handle (/Users/anastasiazaharova/Desktop/nananananabatman.github.io/NodeTask1/node_modules/express/lib/router/index.js:174:3)\n    at router (/Users/anastasiazaharova/Desktop/nananananabatman.github.io/NodeTask1/node_modules/express/lib/router/index.js:47:12)\n    at Layer.handle [as handle_request] (/Users/anastasiazaharova/Desktop/nananananabatman.github.io/NodeTask1/node_modules/express/lib/router/layer.js:95:5)\n    at trim_prefix (/Users/anastasiazaharova/Desktop/nananananabatman.github.io/NodeTask1/node_modules/express/lib/router/index.js:317:13)\n    at /Users/anastasiazaharova/Desktop/nananananabatman.github.io/NodeTask1/node_modules/express/lib/router/index.js:284:7\n    at Function.process_params (/Users/anastasiazaharova/Desktop/nananananabatman.github.io/NodeTask1/node_modules/express/lib/router/index.js:335:12)","level":"error","timestamp":"2:14:56 AM"}
{"level":"info","message":"It is a GET request for blogs","timestamp":"2:16:45 AM"}
{"level":"info","message":"It is a GET request for blogs","timestamp":"2:16:45 AM"}
{"level":"info","message":"It is a POST request for blogs: undefined","timestamp":"2:16:50 AM"}
{"message":"Cannot read property 'title' of undefined","stack":"TypeError: Cannot read property 'title' of undefined\n    at router.route.get.post (/Users/anastasiazaharova/Desktop/nananananabatman.github.io/NodeTask1/app.router.js:84:29)\n    at Layer.handle [as handle_request] (/Users/anastasiazaharova/Desktop/nananananabatman.github.io/NodeTask1/node_modules/express/lib/router/layer.js:95:5)\n    at next (/Users/anastasiazaharova/Desktop/nananananabatman.github.io/NodeTask1/node_modules/express/lib/router/route.js:137:13)\n    at next (/Users/anastasiazaharova/Desktop/nananananabatman.github.io/NodeTask1/node_modules/express/lib/router/route.js:131:14)\n    at Route.dispatch (/Users/anastasiazaharova/Desktop/nananananabatman.github.io/NodeTask1/node_modules/express/lib/router/route.js:112:3)\n    at Layer.handle [as handle_request] (/Users/anastasiazaharova/Desktop/nananananabatman.github.io/NodeTask1/node_modules/express/lib/router/layer.js:95:5)\n    at /Users/anastasiazaharova/Desktop/nananananabatman.github.io/NodeTask1/node_modules/express/lib/router/index.js:281:22\n    at Function.process_params (/Users/anastasiazaharova/Desktop/nananananabatman.github.io/NodeTask1/node_modules/express/lib/router/index.js:335:12)\n    at next (/Users/anastasiazaharova/Desktop/nananananabatman.github.io/NodeTask1/node_modules/express/lib/router/index.js:275:10)\n    at Function.handle (/Users/anastasiazaharova/Desktop/nananananabatman.github.io/NodeTask1/node_modules/express/lib/router/index.js:174:3)\n    at router (/Users/anastasiazaharova/Desktop/nananananabatman.github.io/NodeTask1/node_modules/express/lib/router/index.js:47:12)\n    at Layer.handle [as handle_request] (/Users/anastasiazaharova/Desktop/nananananabatman.github.io/NodeTask1/node_modules/express/lib/router/layer.js:95:5)\n    at trim_prefix (/Users/anastasiazaharova/Desktop/nananananabatman.github.io/NodeTask1/node_modules/express/lib/router/index.js:317:13)\n    at /Users/anastasiazaharova/Desktop/nananananabatman.github.io/NodeTask1/node_modules/express/lib/router/index.js:284:7\n    at Function.process_params (/Users/anastasiazaharova/Desktop/nananananabatman.github.io/NodeTask1/node_modules/express/lib/router/index.js:335:12)\n    at next (/Users/anastasiazaharova/Desktop/nananananabatman.github.io/NodeTask1/node_modules/express/lib/router/index.js:275:10)","level":"error","timestamp":"2:16:50 AM"}
{"level":"info","message":"It is a GET request for blogs","timestamp":"2:20:07 AM"}
{"level":"info","message":"It is a GET request for blogs","timestamp":"2:20:07 AM"}
{"level":"info","message":"It is a POST request for blogs: undefined","timestamp":"2:20:13 AM"}
{"message":"Cannot read property 'title' of undefined","stack":"TypeError: Cannot read property 'title' of undefined\n    at router.route.get.post (/Users/anastasiazaharova/Desktop/nananananabatman.github.io/NodeTask1/app.router.js:84:29)\n    at Layer.handle [as handle_request] (/Users/anastasiazaharova/Desktop/nananananabatman.github.io/NodeTask1/node_modules/express/lib/router/layer.js:95:5)\n    at next (/Users/anastasiazaharova/Desktop/nananananabatman.github.io/NodeTask1/node_modules/express/lib/router/route.js:137:13)\n    at next (/Users/anastasiazaharova/Desktop/nananananabatman.github.io/NodeTask1/node_modules/express/lib/router/route.js:131:14)\n    at Route.dispatch (/Users/anastasiazaharova/Desktop/nananananabatman.github.io/NodeTask1/node_modules/express/lib/router/route.js:112:3)\n    at Layer.handle [as handle_request] (/Users/anastasiazaharova/Desktop/nananananabatman.github.io/NodeTask1/node_modules/express/lib/router/layer.js:95:5)\n    at /Users/anastasiazaharova/Desktop/nananananabatman.github.io/NodeTask1/node_modules/express/lib/router/index.js:281:22\n    at Function.process_params (/Users/anastasiazaharova/Desktop/nananananabatman.github.io/NodeTask1/node_modules/express/lib/router/index.js:335:12)\n    at next (/Users/anastasiazaharova/Desktop/nananananabatman.github.io/NodeTask1/node_modules/express/lib/router/index.js:275:10)\n    at Function.handle (/Users/anastasiazaharova/Desktop/nananananabatman.github.io/NodeTask1/node_modules/express/lib/router/index.js:174:3)\n    at router (/Users/anastasiazaharova/Desktop/nananananabatman.github.io/NodeTask1/node_modules/express/lib/router/index.js:47:12)\n    at Layer.handle [as handle_request] (/Users/anastasiazaharova/Desktop/nananananabatman.github.io/NodeTask1/node_modules/express/lib/router/layer.js:95:5)\n    at trim_prefix (/Users/anastasiazaharova/Desktop/nananananabatman.github.io/NodeTask1/node_modules/express/lib/router/index.js:317:13)\n    at /Users/anastasiazaharova/Desktop/nananananabatman.github.io/NodeTask1/node_modules/express/lib/router/index.js:284:7\n    at Function.process_params (/Users/anastasiazaharova/Desktop/nananananabatman.github.io/NodeTask1/node_modules/express/lib/router/index.js:335:12)\n    at next (/Users/anastasiazaharova/Desktop/nananananabatman.github.io/NodeTask1/node_modules/express/lib/router/index.js:275:10)","level":"error","timestamp":"2:20:13 AM"}
{"level":"info","message":"It is a GET request for blogs","timestamp":"2:21:02 AM"}
{"level":"info","message":"It is a GET request for blogs","timestamp":"2:21:02 AM"}
{"level":"info","message":"It is a POST request for blogs: undefined {}","timestamp":"2:21:05 AM"}
{"message":"Cannot read property 'title' of undefined","stack":"TypeError: Cannot read property 'title' of undefined\n    at router.route.get.post (/Users/anastasiazaharova/Desktop/nananananabatman.github.io/NodeTask1/app.router.js:84:29)\n    at Layer.handle [as handle_request] (/Users/anastasiazaharova/Desktop/nananananabatman.github.io/NodeTask1/node_modules/express/lib/router/layer.js:95:5)\n    at next (/Users/anastasiazaharova/Desktop/nananananabatman.github.io/NodeTask1/node_modules/express/lib/router/route.js:137:13)\n    at next (/Users/anastasiazaharova/Desktop/nananananabatman.github.io/NodeTask1/node_modules/express/lib/router/route.js:131:14)\n    at Route.dispatch (/Users/anastasiazaharova/Desktop/nananananabatman.github.io/NodeTask1/node_modules/express/lib/router/route.js:112:3)\n    at Layer.handle [as handle_request] (/Users/anastasiazaharova/Desktop/nananananabatman.github.io/NodeTask1/node_modules/express/lib/router/layer.js:95:5)\n    at /Users/anastasiazaharova/Desktop/nananananabatman.github.io/NodeTask1/node_modules/express/lib/router/index.js:281:22\n    at Function.process_params (/Users/anastasiazaharova/Desktop/nananananabatman.github.io/NodeTask1/node_modules/express/lib/router/index.js:335:12)\n    at next (/Users/anastasiazaharova/Desktop/nananananabatman.github.io/NodeTask1/node_modules/express/lib/router/index.js:275:10)\n    at Function.handle (/Users/anastasiazaharova/Desktop/nananananabatman.github.io/NodeTask1/node_modules/express/lib/router/index.js:174:3)\n    at router (/Users/anastasiazaharova/Desktop/nananananabatman.github.io/NodeTask1/node_modules/express/lib/router/index.js:47:12)\n    at Layer.handle [as handle_request] (/Users/anastasiazaharova/Desktop/nananananabatman.github.io/NodeTask1/node_modules/express/lib/router/layer.js:95:5)\n    at trim_prefix (/Users/anastasiazaharova/Desktop/nananananabatman.github.io/NodeTask1/node_modules/express/lib/router/index.js:317:13)\n    at /Users/anastasiazaharova/Desktop/nananananabatman.github.io/NodeTask1/node_modules/express/lib/router/index.js:284:7\n    at Function.process_params (/Users/anastasiazaharova/Desktop/nananananabatman.github.io/NodeTask1/node_modules/express/lib/router/index.js:335:12)\n    at next (/Users/anastasiazaharova/Desktop/nananananabatman.github.io/NodeTask1/node_modules/express/lib/router/index.js:275:10)","level":"error","timestamp":"2:21:05 AM"}
{"level":"info","message":"It is a GET request for blogs","timestamp":"2:21:20 AM"}
{"level":"info","message":"It is a GET request for blogs","timestamp":"2:21:20 AM"}
{"level":"info","message":"It is a POST request for blogs: undefined {}","timestamp":"2:21:23 AM"}
{"message":"Cannot read property 'title' of undefined","stack":"TypeError: Cannot read property 'title' of undefined\n    at router.route.get.post (/Users/anastasiazaharova/Desktop/nananananabatman.github.io/NodeTask1/app.router.js:84:29)\n    at Layer.handle [as handle_request] (/Users/anastasiazaharova/Desktop/nananananabatman.github.io/NodeTask1/node_modules/express/lib/router/layer.js:95:5)\n    at next (/Users/anastasiazaharova/Desktop/nananananabatman.github.io/NodeTask1/node_modules/express/lib/router/route.js:137:13)\n    at next (/Users/anastasiazaharova/Desktop/nananananabatman.github.io/NodeTask1/node_modules/express/lib/router/route.js:131:14)\n    at Route.dispatch (/Users/anastasiazaharova/Desktop/nananananabatman.github.io/NodeTask1/node_modules/express/lib/router/route.js:112:3)\n    at Layer.handle [as handle_request] (/Users/anastasiazaharova/Desktop/nananananabatman.github.io/NodeTask1/node_modules/express/lib/router/layer.js:95:5)\n    at /Users/anastasiazaharova/Desktop/nananananabatman.github.io/NodeTask1/node_modules/express/lib/router/index.js:281:22\n    at Function.process_params (/Users/anastasiazaharova/Desktop/nananananabatman.github.io/NodeTask1/node_modules/express/lib/router/index.js:335:12)\n    at next (/Users/anastasiazaharova/Desktop/nananananabatman.github.io/NodeTask1/node_modules/express/lib/router/index.js:275:10)\n    at Function.handle (/Users/anastasiazaharova/Desktop/nananananabatman.github.io/NodeTask1/node_modules/express/lib/router/index.js:174:3)\n    at router (/Users/anastasiazaharova/Desktop/nananananabatman.github.io/NodeTask1/node_modules/express/lib/router/index.js:47:12)\n    at Layer.handle [as handle_request] (/Users/anastasiazaharova/Desktop/nananananabatman.github.io/NodeTask1/node_modules/express/lib/router/layer.js:95:5)\n    at trim_prefix (/Users/anastasiazaharova/Desktop/nananananabatman.github.io/NodeTask1/node_modules/express/lib/router/index.js:317:13)\n    at /Users/anastasiazaharova/Desktop/nananananabatman.github.io/NodeTask1/node_modules/express/lib/router/index.js:284:7\n    at Function.process_params (/Users/anastasiazaharova/Desktop/nananananabatman.github.io/NodeTask1/node_modules/express/lib/router/index.js:335:12)\n    at next (/Users/anastasiazaharova/Desktop/nananananabatman.github.io/NodeTask1/node_modules/express/lib/router/index.js:275:10)","level":"error","timestamp":"2:21:23 AM"}
{"level":"info","message":"It is a GET request for blogs","timestamp":"2:24:42 AM"}
{"level":"info","message":"It is a GET request for blogs","timestamp":"2:24:42 AM"}
{"level":"info","message":"It is a POST request for blogs: undefined {}","timestamp":"2:24:48 AM"}
{"message":"Cannot read property 'title' of undefined","stack":"TypeError: Cannot read property 'title' of undefined\n    at router.route.get.post (/Users/anastasiazaharova/Desktop/nananananabatman.github.io/NodeTask1/app.router.js:84:29)\n    at Layer.handle [as handle_request] (/Users/anastasiazaharova/Desktop/nananananabatman.github.io/NodeTask1/node_modules/express/lib/router/layer.js:95:5)\n    at next (/Users/anastasiazaharova/Desktop/nananananabatman.github.io/NodeTask1/node_modules/express/lib/router/route.js:137:13)\n    at next (/Users/anastasiazaharova/Desktop/nananananabatman.github.io/NodeTask1/node_modules/express/lib/router/route.js:131:14)\n    at Route.dispatch (/Users/anastasiazaharova/Desktop/nananananabatman.github.io/NodeTask1/node_modules/express/lib/router/route.js:112:3)\n    at Layer.handle [as handle_request] (/Users/anastasiazaharova/Desktop/nananananabatman.github.io/NodeTask1/node_modules/express/lib/router/layer.js:95:5)\n    at /Users/anastasiazaharova/Desktop/nananananabatman.github.io/NodeTask1/node_modules/express/lib/router/index.js:281:22\n    at Function.process_params (/Users/anastasiazaharova/Desktop/nananananabatman.github.io/NodeTask1/node_modules/express/lib/router/index.js:335:12)\n    at next (/Users/anastasiazaharova/Desktop/nananananabatman.github.io/NodeTask1/node_modules/express/lib/router/index.js:275:10)\n    at Function.handle (/Users/anastasiazaharova/Desktop/nananananabatman.github.io/NodeTask1/node_modules/express/lib/router/index.js:174:3)\n    at router (/Users/anastasiazaharova/Desktop/nananananabatman.github.io/NodeTask1/node_modules/express/lib/router/index.js:47:12)\n    at Layer.handle [as handle_request] (/Users/anastasiazaharova/Desktop/nananananabatman.github.io/NodeTask1/node_modules/express/lib/router/layer.js:95:5)\n    at trim_prefix (/Users/anastasiazaharova/Desktop/nananananabatman.github.io/NodeTask1/node_modules/express/lib/router/index.js:317:13)\n    at /Users/anastasiazaharova/Desktop/nananananabatman.github.io/NodeTask1/node_modules/express/lib/router/index.js:284:7\n    at Function.process_params (/Users/anastasiazaharova/Desktop/nananananabatman.github.io/NodeTask1/node_modules/express/lib/router/index.js:335:12)\n    at next (/Users/anastasiazaharova/Desktop/nananananabatman.github.io/NodeTask1/node_modules/express/lib/router/index.js:275:10)","level":"error","timestamp":"2:24:48 AM"}
{"level":"info","message":"It is a GET request for blogs","timestamp":"2:26:05 AM"}
{"level":"info","message":"It is a GET request for blogs","timestamp":"2:26:05 AM"}
{"level":"info","message":"It is a POST request for blogs: undefined {}","timestamp":"2:26:10 AM"}
{"message":"Cannot read property 'title' of undefined","stack":"TypeError: Cannot read property 'title' of undefined\n    at router.route.get.post (/Users/anastasiazaharova/Desktop/nananananabatman.github.io/NodeTask1/app.router.js:84:29)\n    at Layer.handle [as handle_request] (/Users/anastasiazaharova/Desktop/nananananabatman.github.io/NodeTask1/node_modules/express/lib/router/layer.js:95:5)\n    at next (/Users/anastasiazaharova/Desktop/nananananabatman.github.io/NodeTask1/node_modules/express/lib/router/route.js:137:13)\n    at next (/Users/anastasiazaharova/Desktop/nananananabatman.github.io/NodeTask1/node_modules/express/lib/router/route.js:131:14)\n    at Route.dispatch (/Users/anastasiazaharova/Desktop/nananananabatman.github.io/NodeTask1/node_modules/express/lib/router/route.js:112:3)\n    at Layer.handle [as handle_request] (/Users/anastasiazaharova/Desktop/nananananabatman.github.io/NodeTask1/node_modules/express/lib/router/layer.js:95:5)\n    at /Users/anastasiazaharova/Desktop/nananananabatman.github.io/NodeTask1/node_modules/express/lib/router/index.js:281:22\n    at Function.process_params (/Users/anastasiazaharova/Desktop/nananananabatman.github.io/NodeTask1/node_modules/express/lib/router/index.js:335:12)\n    at next (/Users/anastasiazaharova/Desktop/nananananabatman.github.io/NodeTask1/node_modules/express/lib/router/index.js:275:10)\n    at Function.handle (/Users/anastasiazaharova/Desktop/nananananabatman.github.io/NodeTask1/node_modules/express/lib/router/index.js:174:3)\n    at router (/Users/anastasiazaharova/Desktop/nananananabatman.github.io/NodeTask1/node_modules/express/lib/router/index.js:47:12)\n    at Layer.handle [as handle_request] (/Users/anastasiazaharova/Desktop/nananananabatman.github.io/NodeTask1/node_modules/express/lib/router/layer.js:95:5)\n    at trim_prefix (/Users/anastasiazaharova/Desktop/nananananabatman.github.io/NodeTask1/node_modules/express/lib/router/index.js:317:13)\n    at /Users/anastasiazaharova/Desktop/nananananabatman.github.io/NodeTask1/node_modules/express/lib/router/index.js:284:7\n    at Function.process_params (/Users/anastasiazaharova/Desktop/nananananabatman.github.io/NodeTask1/node_modules/express/lib/router/index.js:335:12)\n    at next (/Users/anastasiazaharova/Desktop/nananananabatman.github.io/NodeTask1/node_modules/express/lib/router/index.js:275:10)","level":"error","timestamp":"2:26:10 AM"}
{"level":"info","message":"It is a POST request for blogs: undefined {}","timestamp":"2:28:10 AM"}
{"message":"Cannot read property 'title' of undefined","stack":"TypeError: Cannot read property 'title' of undefined\n    at router.route.get.post (/Users/anastasiazaharova/Desktop/nananananabatman.github.io/NodeTask1/app.router.js:84:29)\n    at Layer.handle [as handle_request] (/Users/anastasiazaharova/Desktop/nananananabatman.github.io/NodeTask1/node_modules/express/lib/router/layer.js:95:5)\n    at next (/Users/anastasiazaharova/Desktop/nananananabatman.github.io/NodeTask1/node_modules/express/lib/router/route.js:137:13)\n    at next (/Users/anastasiazaharova/Desktop/nananananabatman.github.io/NodeTask1/node_modules/express/lib/router/route.js:131:14)\n    at Route.dispatch (/Users/anastasiazaharova/Desktop/nananananabatman.github.io/NodeTask1/node_modules/express/lib/router/route.js:112:3)\n    at Layer.handle [as handle_request] (/Users/anastasiazaharova/Desktop/nananananabatman.github.io/NodeTask1/node_modules/express/lib/router/layer.js:95:5)\n    at /Users/anastasiazaharova/Desktop/nananananabatman.github.io/NodeTask1/node_modules/express/lib/router/index.js:281:22\n    at Function.process_params (/Users/anastasiazaharova/Desktop/nananananabatman.github.io/NodeTask1/node_modules/express/lib/router/index.js:335:12)\n    at next (/Users/anastasiazaharova/Desktop/nananananabatman.github.io/NodeTask1/node_modules/express/lib/router/index.js:275:10)\n    at Function.handle (/Users/anastasiazaharova/Desktop/nananananabatman.github.io/NodeTask1/node_modules/express/lib/router/index.js:174:3)\n    at router (/Users/anastasiazaharova/Desktop/nananananabatman.github.io/NodeTask1/node_modules/express/lib/router/index.js:47:12)\n    at Layer.handle [as handle_request] (/Users/anastasiazaharova/Desktop/nananananabatman.github.io/NodeTask1/node_modules/express/lib/router/layer.js:95:5)\n    at trim_prefix (/Users/anastasiazaharova/Desktop/nananananabatman.github.io/NodeTask1/node_modules/express/lib/router/index.js:317:13)\n    at /Users/anastasiazaharova/Desktop/nananananabatman.github.io/NodeTask1/node_modules/express/lib/router/index.js:284:7\n    at Function.process_params (/Users/anastasiazaharova/Desktop/nananananabatman.github.io/NodeTask1/node_modules/express/lib/router/index.js:335:12)\n    at next (/Users/anastasiazaharova/Desktop/nananananabatman.github.io/NodeTask1/node_modules/express/lib/router/index.js:275:10)","level":"error","timestamp":"2:28:10 AM"}
{"level":"info","message":"It is a GET request for blogs","timestamp":"2:31:30 AM"}
{"level":"info","message":"It is a GET request for blogs","timestamp":"2:31:30 AM"}
{"level":"info","message":"It is a POST request for blogs","timestamp":"2:31:34 AM"}
{"message":"Cannot read property 'title' of undefined","stack":"TypeError: Cannot read property 'title' of undefined\n    at router.route.get.post (/Users/anastasiazaharova/Desktop/nananananabatman.github.io/NodeTask1/app.router.js:85:29)\n    at Layer.handle [as handle_request] (/Users/anastasiazaharova/Desktop/nananananabatman.github.io/NodeTask1/node_modules/express/lib/router/layer.js:95:5)\n    at next (/Users/anastasiazaharova/Desktop/nananananabatman.github.io/NodeTask1/node_modules/express/lib/router/route.js:137:13)\n    at next (/Users/anastasiazaharova/Desktop/nananananabatman.github.io/NodeTask1/node_modules/express/lib/router/route.js:131:14)\n    at Route.dispatch (/Users/anastasiazaharova/Desktop/nananananabatman.github.io/NodeTask1/node_modules/express/lib/router/route.js:112:3)\n    at Layer.handle [as handle_request] (/Users/anastasiazaharova/Desktop/nananananabatman.github.io/NodeTask1/node_modules/express/lib/router/layer.js:95:5)\n    at /Users/anastasiazaharova/Desktop/nananananabatman.github.io/NodeTask1/node_modules/express/lib/router/index.js:281:22\n    at Function.process_params (/Users/anastasiazaharova/Desktop/nananananabatman.github.io/NodeTask1/node_modules/express/lib/router/index.js:335:12)\n    at next (/Users/anastasiazaharova/Desktop/nananananabatman.github.io/NodeTask1/node_modules/express/lib/router/index.js:275:10)\n    at Function.handle (/Users/anastasiazaharova/Desktop/nananananabatman.github.io/NodeTask1/node_modules/express/lib/router/index.js:174:3)\n    at router (/Users/anastasiazaharova/Desktop/nananananabatman.github.io/NodeTask1/node_modules/express/lib/router/index.js:47:12)\n    at Layer.handle [as handle_request] (/Users/anastasiazaharova/Desktop/nananananabatman.github.io/NodeTask1/node_modules/express/lib/router/layer.js:95:5)\n    at trim_prefix (/Users/anastasiazaharova/Desktop/nananananabatman.github.io/NodeTask1/node_modules/express/lib/router/index.js:317:13)\n    at /Users/anastasiazaharova/Desktop/nananananabatman.github.io/NodeTask1/node_modules/express/lib/router/index.js:284:7\n    at Function.process_params (/Users/anastasiazaharova/Desktop/nananananabatman.github.io/NodeTask1/node_modules/express/lib/router/index.js:335:12)\n    at next (/Users/anastasiazaharova/Desktop/nananananabatman.github.io/NodeTask1/node_modules/express/lib/router/index.js:275:10)","level":"error","timestamp":"2:31:34 AM"}
{"level":"info","message":"It is a POST request for blogs","timestamp":"2:33:34 AM"}
{"message":"Cannot read property 'title' of undefined","stack":"TypeError: Cannot read property 'title' of undefined\n    at router.route.get.post (/Users/anastasiazaharova/Desktop/nananananabatman.github.io/NodeTask1/app.router.js:85:29)\n    at Layer.handle [as handle_request] (/Users/anastasiazaharova/Desktop/nananananabatman.github.io/NodeTask1/node_modules/express/lib/router/layer.js:95:5)\n    at next (/Users/anastasiazaharova/Desktop/nananananabatman.github.io/NodeTask1/node_modules/express/lib/router/route.js:137:13)\n    at next (/Users/anastasiazaharova/Desktop/nananananabatman.github.io/NodeTask1/node_modules/express/lib/router/route.js:131:14)\n    at Route.dispatch (/Users/anastasiazaharova/Desktop/nananananabatman.github.io/NodeTask1/node_modules/express/lib/router/route.js:112:3)\n    at Layer.handle [as handle_request] (/Users/anastasiazaharova/Desktop/nananananabatman.github.io/NodeTask1/node_modules/express/lib/router/layer.js:95:5)\n    at /Users/anastasiazaharova/Desktop/nananananabatman.github.io/NodeTask1/node_modules/express/lib/router/index.js:281:22\n    at Function.process_params (/Users/anastasiazaharova/Desktop/nananananabatman.github.io/NodeTask1/node_modules/express/lib/router/index.js:335:12)\n    at next (/Users/anastasiazaharova/Desktop/nananananabatman.github.io/NodeTask1/node_modules/express/lib/router/index.js:275:10)\n    at Function.handle (/Users/anastasiazaharova/Desktop/nananananabatman.github.io/NodeTask1/node_modules/express/lib/router/index.js:174:3)\n    at router (/Users/anastasiazaharova/Desktop/nananananabatman.github.io/NodeTask1/node_modules/express/lib/router/index.js:47:12)\n    at Layer.handle [as handle_request] (/Users/anastasiazaharova/Desktop/nananananabatman.github.io/NodeTask1/node_modules/express/lib/router/layer.js:95:5)\n    at trim_prefix (/Users/anastasiazaharova/Desktop/nananananabatman.github.io/NodeTask1/node_modules/express/lib/router/index.js:317:13)\n    at /Users/anastasiazaharova/Desktop/nananananabatman.github.io/NodeTask1/node_modules/express/lib/router/index.js:284:7\n    at Function.process_params (/Users/anastasiazaharova/Desktop/nananananabatman.github.io/NodeTask1/node_modules/express/lib/router/index.js:335:12)\n    at next (/Users/anastasiazaharova/Desktop/nananananabatman.github.io/NodeTask1/node_modules/express/lib/router/index.js:275:10)","level":"error","timestamp":"2:33:34 AM"}
{"level":"info","message":"It is a GET request for blogs","timestamp":"2:40:13 AM"}
{"level":"info","message":"It is a GET request for blogs","timestamp":"2:40:13 AM"}
{"level":"info","message":"It is a POST request for blogs","timestamp":"2:40:17 AM"}
{"level":"info","message":"It is a GET request for blogs","timestamp":"2:40:17 AM"}
{"level":"info","message":"It is a GET request for blogs","timestamp":"2:41:52 AM"}
{"level":"info","message":"It is a GET request for blogs","timestamp":"2:41:52 AM"}
{"level":"info","message":"It is a POST request for blogs","timestamp":"2:41:58 AM"}
{"level":"info","message":"It is a GET request for blogs","timestamp":"2:41:59 AM"}
{"level":"info","message":"It is a GET request for blogs","timestamp":"2:42:39 AM"}
{"level":"info","message":"It is a GET request for blogs","timestamp":"2:42:39 AM"}
{"level":"info","message":"It is a POST request for blogs","timestamp":"2:42:46 AM"}
{"level":"info","message":"It is a GET request for blogs","timestamp":"2:42:46 AM"}
{"level":"info","message":"It is a GET request for blogs","timestamp":"2:43:03 AM"}
{"level":"info","message":"It is a GET request for blogs","timestamp":"2:43:03 AM"}
{"level":"info","message":"It is a GET request for blogs","timestamp":"3:16:46 PM"}
{"level":"info","message":"It is a GET request for blogs","timestamp":"3:16:46 PM"}
{"level":"info","message":"It is a GET request for blogs","timestamp":"3:26:53 PM"}
{"level":"info","message":"It is a GET request for blogs","timestamp":"3:26:53 PM"}
{"level":"info","message":"It is a DELETE request for undefined blog","timestamp":"3:27:12 PM"}
{"level":"info","message":"It is a GET request for blogs","timestamp":"3:27:13 PM"}
{"level":"info","message":"It is a DELETE request for undefined blog","timestamp":"3:27:14 PM"}
{"level":"info","message":"It is a GET request for blogs","timestamp":"3:27:14 PM"}
{"level":"info","message":"It is a DELETE request for undefined blog","timestamp":"3:27:14 PM"}
{"level":"info","message":"It is a GET request for blogs","timestamp":"3:27:14 PM"}
{"level":"info","message":"It is a DELETE request for undefined blog","timestamp":"3:27:15 PM"}
{"level":"info","message":"It is a GET request for blogs","timestamp":"3:27:15 PM"}
{"level":"info","message":"It is a DELETE request for undefined blog","timestamp":"3:27:15 PM"}
{"level":"info","message":"It is a GET request for blogs","timestamp":"3:27:15 PM"}
{"level":"info","message":"It is a DELETE request for undefined blog","timestamp":"3:27:26 PM"}
{"level":"info","message":"It is a GET request for blogs","timestamp":"3:27:27 PM"}
{"level":"info","message":"It is a DELETE request for undefined blog","timestamp":"3:27:27 PM"}
{"level":"info","message":"It is a GET request for blogs","timestamp":"3:27:27 PM"}
{"level":"info","message":"It is a GET request for blogs","timestamp":"3:29:43 PM"}
{"level":"info","message":"It is a GET request for blogs","timestamp":"3:29:43 PM"}
{"level":"info","message":"It is a DELETE request for undefined blog","timestamp":"3:29:47 PM"}
{"level":"info","message":"It is a GET request for blogs","timestamp":"3:29:47 PM"}
{"level":"info","message":"It is a GET request for blogs","timestamp":"3:31:03 PM"}
{"level":"info","message":"It is a GET request for blogs","timestamp":"3:31:03 PM"}
{"level":"info","message":"It is a POST request for blogs","timestamp":"3:31:10 PM"}
{"level":"info","message":"It is a GET request for blogs","timestamp":"3:31:10 PM"}
{"level":"info","message":"It is a DELETE request for undefined blog","timestamp":"3:31:57 PM"}
{"level":"info","message":"It is a GET request for blogs","timestamp":"3:31:57 PM"}
{"level":"info","message":"It is a GET request for blogs","timestamp":"3:32:31 PM"}
{"level":"info","message":"It is a GET request for blogs","timestamp":"3:32:32 PM"}
{"level":"info","message":"It is a DELETE request for 764uw7b8n blog","timestamp":"3:32:34 PM"}
{"level":"info","message":"It is a GET request for blogs","timestamp":"3:32:34 PM"}
{"level":"info","message":"It is a DELETE request for 5 blog","timestamp":"3:32:35 PM"}
{"level":"info","message":"It is a GET request for blogs","timestamp":"3:32:35 PM"}
{"level":"info","message":"It is a GET request for blogs","timestamp":"3:32:38 PM"}
{"level":"info","message":"It is a GET request for blogs","timestamp":"3:32:38 PM"}
{"level":"info","message":"It is a GET request for blogs","timestamp":"5:51:14 PM"}
{"level":"info","message":"It is a GET request for blogs","timestamp":"5:51:14 PM"}
{"level":"info","message":"It is a GET request for blogs","timestamp":"5:53:31 PM"}
{"level":"info","message":"It is a GET request for blogs","timestamp":"5:53:31 PM"}
{"level":"info","message":"It is a GET request for blogs","timestamp":"5:56:03 PM"}
{"level":"info","message":"It is a GET request for blogs","timestamp":"5:56:03 PM"}
{"level":"info","message":"It is a GET request for blogs","timestamp":"5:56:07 PM"}
{"level":"info","message":"It is a GET request for blogs","timestamp":"5:56:07 PM"}
{"level":"info","message":"It is a GET request for blogs","timestamp":"6:13:45 PM"}
{"level":"info","message":"It is a GET request for blogs","timestamp":"6:13:45 PM"}
{"level":"info","message":"It is a GET request for blogs","timestamp":"6:13:48 PM"}
{"level":"info","message":"It is a GET request for blogs","timestamp":"6:13:48 PM"}
{"level":"info","message":"It is a GET request for blogs","timestamp":"6:24:23 PM"}
{"level":"info","message":"It is a GET request for blogs","timestamp":"6:24:24 PM"}
{"level":"error","message":"Page not found","timestamp":"6:25:10 PM"}
{"level":"error","message":"Page not found","timestamp":"6:25:16 PM"}
{"level":"error","message":"Page not found","timestamp":"6:25:18 PM"}
{"level":"info","message":"It is a GET request for blogs","timestamp":"6:26:37 PM"}
{"level":"info","message":"It is a GET request for blogs","timestamp":"6:27:09 PM"}
{"level":"info","message":"It is a GET request for blogs","timestamp":"6:27:10 PM"}
{"level":"info","message":"It is a GET request for blogs","timestamp":"6:27:10 PM"}
{"level":"info","message":"It is a GET request for blogs","timestamp":"6:27:11 PM"}
{"level":"info","message":"It is a GET request for blogs","timestamp":"6:27:11 PM"}
{"level":"info","message":"It is a GET request for blogs","timestamp":"6:27:56 PM"}
{"level":"info","message":"It is a GET request for blogs","timestamp":"6:29:27 PM"}
{"level":"info","message":"It is a GET request for blogs","timestamp":"6:31:52 PM"}
{"level":"info","message":"It is a GET request for blogs","timestamp":"6:31:57 PM"}
{"level":"info","message":"It is a GET request for blogs","timestamp":"6:33:39 PM"}
{"level":"info","message":"It is a GET request for blogs","timestamp":"6:34:23 PM"}
{"level":"info","message":"It is a GET request for blogs","timestamp":"6:34:29 PM"}
{"level":"info","message":"It is a GET request for blogs","timestamp":"6:36:21 PM"}
{"level":"info","message":"It is a GET request for blogs in router","timestamp":"6:38:04 PM"}
{"level":"info","message":"It is a GET request for blogs in router","timestamp":"6:38:53 PM"}
{"level":"info","message":"It is a GET request for blogs in router","timestamp":"6:40:50 PM"}
{"level":"info","message":"It is a GET request for blogs","timestamp":"6:40:50 PM"}
{"level":"info","message":"It is a GET request for blogs in router","timestamp":"6:43:45 PM"}
{"level":"info","message":"It is a GET request for blogs","timestamp":"6:43:45 PM"}
{"level":"info","message":"It is a GET request for blogs in router","timestamp":"7:14:48 PM"}
{"level":"info","message":"It is a GET request for blogs","timestamp":"7:14:48 PM"}
{"level":"info","message":"It is a GET request for blogs in router","timestamp":"7:14:59 PM"}
{"level":"info","message":"It is a GET request for blogs","timestamp":"7:15:00 PM"}
{"level":"info","message":"It is a GET request for blogs in router","timestamp":"7:15:17 PM"}
{"level":"info","message":"It is a GET request for blogs","timestamp":"7:15:17 PM"}
{"level":"info","message":"It is a GET request for blogs in router","timestamp":"7:28:33 PM"}
{"level":"info","message":"It is a GET request for blogs","timestamp":"7:28:33 PM"}
{"level":"info","message":"It is a GET request for blogs in router","timestamp":"7:37:51 PM"}
{"level":"info","message":"It is a GET request for blogs","timestamp":"7:37:51 PM"}
{"level":"info","message":"It is a GET request for blogs in router","timestamp":"7:45:14 PM"}
{"level":"info","message":"It is a GET request for blogs","timestamp":"7:45:14 PM"}
{"level":"info","message":"It is a GET request for blogs in router","timestamp":"7:48:02 PM"}
{"level":"info","message":"It is a GET request for users","timestamp":"7:48:02 PM"}
{"level":"info","message":"It is a GET request for blogs","timestamp":"7:48:03 PM"}
{"level":"info","message":"It is a GET request for blogs in router","timestamp":"8:14:49 PM"}
{"level":"info","message":"It is a GET request for blogs","timestamp":"8:14:49 PM"}
{"level":"info","message":"It is a GET request for blogs in router","timestamp":"9:04:54 PM"}
{"level":"info","message":"It is a GET request for blogs","timestamp":"9:04:54 PM"}
{"level":"info","message":"It is a GET request for blogs in router","timestamp":"9:04:56 PM"}
{"level":"info","message":"It is a GET request for blogs","timestamp":"9:04:56 PM"}
{"level":"info","message":"It is a GET request for blogs in router","timestamp":"9:05:00 PM"}
{"level":"info","message":"It is a GET request for blogs","timestamp":"9:05:00 PM"}
{"level":"info","message":"It is a GET request for blogs in router","timestamp":"9:18:26 PM"}
{"level":"info","message":"It is a GET request for blogs","timestamp":"9:18:26 PM"}
{"level":"info","message":"It is a GET request for blogs in router","timestamp":"9:22:06 PM"}
{"level":"info","message":"It is a GET request for blogs","timestamp":"9:22:06 PM"}
{"level":"info","message":"It is a GET request for user","timestamp":"9:52:41 PM"}
{"level":"info","message":"It is a GET request for blogs","timestamp":"9:52:41 PM"}
{"level":"info","message":"It is a GET request for user","timestamp":"9:53:51 PM"}
{"level":"info","message":"It is a GET request for blogs","timestamp":"9:53:51 PM"}
{"level":"info","message":"It is a GET request for user","timestamp":"9:54:32 PM"}
{"level":"info","message":"It is a GET request for blogs","timestamp":"9:54:32 PM"}
{"level":"info","message":"It is a GET request for user","timestamp":"9:54:47 PM"}
{"level":"info","message":"It is a GET request for blogs","timestamp":"9:54:47 PM"}
{"level":"info","message":"It is a GET request for user","timestamp":"9:57:07 PM"}
{"level":"info","message":"It is a GET request for user","timestamp":"9:58:23 PM"}
{"level":"info","message":"It is a GET request for user","timestamp":"9:59:26 PM"}
{"level":"info","message":"It is a GET request for user","timestamp":"9:59:51 PM"}
{"level":"info","message":"It is a GET request for user","timestamp":"10:01:31 PM"}
{"level":"info","message":"It is a GET request for blogs in router","timestamp":"10:01:31 PM"}
{"level":"info","message":"It is a GET request for blogs","timestamp":"10:01:31 PM"}
{"level":"info","message":"It is a GET request for blogs in router","timestamp":"10:03:56 PM"}
{"level":"info","message":"It is a GET request for blogs","timestamp":"10:03:56 PM"}
{"level":"info","message":"It is a GET request for blogs in router","timestamp":"10:05:00 PM"}
{"level":"info","message":"It is a GET request for blogs","timestamp":"10:05:00 PM"}
{"level":"info","message":"It is a GET request for blogs in router","timestamp":"10:05:44 PM"}
{"level":"info","message":"It is a GET request for blogs","timestamp":"10:05:44 PM"}
{"level":"info","message":"It is a GET request for blogs in router","timestamp":"10:06:05 PM"}
{"level":"info","message":"It is a GET request for blogs","timestamp":"10:06:05 PM"}
{"level":"info","message":"It is a DELETE request for 0 blog","timestamp":"10:06:09 PM"}
{"level":"info","message":"It is a GET request for blogs","timestamp":"10:06:10 PM"}
{"level":"info","message":"It is a DELETE request for 2 blog","timestamp":"10:06:11 PM"}
{"level":"info","message":"It is a GET request for blogs","timestamp":"10:06:11 PM"}
{"level":"info","message":"It is a GET request for blogs in router","timestamp":"10:06:18 PM"}
{"level":"info","message":"It is a GET request for blogs","timestamp":"10:06:18 PM"}
{"level":"info","message":"It is a GET request for blogs in router","timestamp":"10:06:36 PM"}
{"level":"info","message":"It is a GET request for blogs","timestamp":"10:06:36 PM"}
{"level":"info","message":"It is a GET request for user","timestamp":"10:06:44 PM"}
{"level":"info","message":"It is a GET request for blogs in router","timestamp":"10:06:44 PM"}
{"level":"info","message":"It is a GET request for blogs","timestamp":"10:06:44 PM"}
{"level":"info","message":"It is a GET request for user","timestamp":"10:06:58 PM"}
{"level":"info","message":"It is a GET request for blogs in router","timestamp":"10:06:58 PM"}
{"level":"info","message":"It is a GET request for blogs","timestamp":"10:06:58 PM"}
{"level":"info","message":"It is a GET request for user","timestamp":"10:07:37 PM"}
{"level":"info","message":"It is a GET request for blogs in router","timestamp":"10:07:43 PM"}
{"level":"info","message":"It is a GET request for blogs","timestamp":"10:07:43 PM"}
{"level":"info","message":"It is a GET request for user","timestamp":"11:20:59 PM"}
{"level":"info","message":"It is a GET request for blogs in router","timestamp":"11:21:31 PM"}
{"level":"info","message":"It is a GET request for blogs","timestamp":"11:21:31 PM"}
{"level":"info","message":"It is a GET request for user","timestamp":"11:21:40 PM"}
{"level":"info","message":"It is a GET request for blogs in router","timestamp":"11:21:40 PM"}
{"level":"info","message":"It is a GET request for blogs","timestamp":"11:21:40 PM"}
{"level":"info","message":"It is a GET request for blogs in router","timestamp":"11:28:56 PM"}
{"level":"info","message":"It is a GET request for blogs","timestamp":"11:28:56 PM"}
{"level":"info","message":"It is a GET request for blogs in router","timestamp":"11:28:58 PM"}
{"level":"info","message":"It is a GET request for blogs","timestamp":"11:28:58 PM"}
{"level":"info","message":"It is a GET request for blogs in router","timestamp":"11:29:04 PM"}
{"level":"info","message":"It is a GET request for blogs","timestamp":"11:29:04 PM"}
{"level":"info","message":"It is a GET request for user","timestamp":"11:29:51 PM"}
{"level":"info","message":"It is a GET request for blogs in router","timestamp":"11:29:51 PM"}
{"level":"info","message":"It is a GET request for blogs","timestamp":"11:29:51 PM"}
{"level":"info","message":"It is a GET request for blogs in router","timestamp":"11:29:59 PM"}
{"level":"info","message":"It is a GET request for blogs","timestamp":"11:30:00 PM"}
{"level":"info","message":"It is a GET request for user","timestamp":"11:30:10 PM"}
{"level":"info","message":"It is a GET request for blogs in router","timestamp":"11:30:10 PM"}
{"level":"info","message":"It is a GET request for blogs","timestamp":"11:30:10 PM"}
{"level":"info","message":"It is a GET request for blogs in router","timestamp":"11:40:12 PM"}
{"level":"info","message":"It is a GET request for blogs","timestamp":"11:40:12 PM"}
{"level":"info","message":"It is a GET request for blogs in router","timestamp":"11:40:19 PM"}
{"level":"info","message":"It is a GET request for blogs","timestamp":"11:40:19 PM"}
{"level":"info","message":"It is a GET request for blogs in router","timestamp":"11:43:50 PM"}
{"level":"info","message":"It is a GET request for blogs","timestamp":"11:43:50 PM"}
{"level":"info","message":"It is a GET request for blogs in router","timestamp":"11:44:23 PM"}
{"level":"info","message":"It is a GET request for blogs","timestamp":"11:44:24 PM"}
{"level":"info","message":"It is a GET request for blogs in router","timestamp":"11:46:14 PM"}
{"level":"info","message":"It is a GET request for blogs","timestamp":"11:46:15 PM"}
{"level":"info","message":"It is a GET request for blogs in router","timestamp":"11:48:00 PM"}
{"level":"info","message":"It is a GET request for blogs","timestamp":"11:48:00 PM"}
{"level":"info","message":"It is a GET request for blogs in router","timestamp":"11:49:33 PM"}
{"level":"info","message":"It is a GET request for blogs","timestamp":"11:49:33 PM"}
{"level":"info","message":"It is a GET request for blogs in router","timestamp":"11:50:04 PM"}
{"level":"info","message":"It is a GET request for blogs","timestamp":"11:50:04 PM"}
{"level":"info","message":"It is a GET request for blogs in router","timestamp":"11:51:11 PM"}
{"level":"info","message":"It is a GET request for blogs","timestamp":"11:51:11 PM"}
{"level":"info","message":"It is a GET request for blogs in router","timestamp":"11:51:49 PM"}
{"level":"info","message":"It is a GET request for blogs","timestamp":"11:51:49 PM"}
{"level":"info","message":"It is a GET request for blogs in router","timestamp":"11:51:53 PM"}
{"level":"info","message":"It is a GET request for blogs","timestamp":"11:51:53 PM"}
{"level":"info","message":"It is a GET request for user","timestamp":"11:52:00 PM"}
{"level":"info","message":"It is a GET request for blogs in router","timestamp":"11:52:00 PM"}
{"level":"info","message":"It is a GET request for blogs","timestamp":"11:52:00 PM"}
{"level":"info","message":"It is a GET request for blogs in router","timestamp":"11:53:37 PM"}
{"level":"info","message":"It is a GET request for blogs","timestamp":"11:53:37 PM"}
{"level":"info","message":"It is a GET request for blogs in router","timestamp":"11:53:38 PM"}
{"level":"info","message":"It is a GET request for blogs","timestamp":"11:53:38 PM"}
{"level":"info","message":"It is a GET request for blogs in router","timestamp":"11:53:41 PM"}
{"level":"info","message":"It is a GET request for blogs","timestamp":"11:53:41 PM"}
{"level":"info","message":"It is a GET request for blogs in router","timestamp":"11:53:45 PM"}
{"level":"info","message":"It is a GET request for blogs","timestamp":"11:53:45 PM"}
{"level":"info","message":"It is a GET request for user","timestamp":"11:57:01 PM"}
{"level":"info","message":"It is a PUT request for user","timestamp":"12:11:46 AM"}
{"level":"info","message":"It is a PUT request for user","timestamp":"12:12:19 AM"}
{"level":"info","message":"It is a PUT request for new user","timestamp":"12:13:04 AM"}
{"level":"info","message":"It is a PUT request for new user","timestamp":"12:14:46 AM"}
{"level":"info","message":"It is a PUT request for new user","timestamp":"12:15:05 AM"}
{"level":"info","message":"It is a PUT request for new user","timestamp":"12:16:45 AM"}
{"level":"info","message":"It is a PUT request for new user","timestamp":"12:16:50 AM"}
{"level":"info","message":"It is a PUT request for new user","timestamp":"12:17:36 AM"}
{"level":"info","message":"It is a GET request for blogs in router","timestamp":"12:17:37 AM"}
{"level":"info","message":"It is a GET request for blogs","timestamp":"12:17:37 AM"}
{"level":"info","message":"It is a PUT request for new user","timestamp":"12:17:56 AM"}
{"level":"info","message":"It is a PUT request for new user","timestamp":"12:18:21 AM"}
{"level":"info","message":"It is a PUT request for new user","timestamp":"12:19:19 AM"}
{"level":"info","message":"It is a GET request for blogs in router","timestamp":"12:19:19 AM"}
{"level":"info","message":"It is a GET request for blogs in router","timestamp":"12:22:13 AM"}
{"level":"info","message":"It is a GET request for blogs","timestamp":"12:22:13 AM"}
{"level":"info","message":"It is a GET request for blogs in router","timestamp":"12:23:14 AM"}
{"level":"info","message":"It is a GET request for blogs","timestamp":"12:23:15 AM"}
{"level":"info","message":"It is a PUT request for new user","timestamp":"12:23:22 AM"}
{"level":"info","message":"It is a PUT request for new user","timestamp":"12:24:34 AM"}
{"level":"info","message":"It is a PUT request for new user","timestamp":"12:24:40 AM"}
{"level":"info","message":"It is a PUT request for new user","timestamp":"12:26:43 AM"}
{"level":"info","message":"It is a PUT request for new user","timestamp":"12:35:00 AM"}
{"level":"info","message":"It is a PUT request for new user","timestamp":"12:35:49 AM"}
{"level":"info","message":"It is a PUT request for new user","timestamp":"12:36:33 AM"}
{"level":"info","message":"It is a PUT request for new user","timestamp":"12:37:47 AM"}
{"level":"info","message":"It is a GET request for blogs in router","timestamp":"12:37:47 AM"}
{"level":"info","message":"It is a GET request for blogs","timestamp":"12:37:47 AM"}
{"level":"info","message":"It is a PUT request for new user","timestamp":"12:38:09 AM"}
{"level":"info","message":"It is a PUT request for new user","timestamp":"12:39:39 AM"}
{"level":"info","message":"It is a GET request for blogs in router","timestamp":"12:39:40 AM"}
{"level":"info","message":"It is a GET request for blogs","timestamp":"12:39:40 AM"}
{"level":"info","message":"It is a PUT request for user","timestamp":"12:39:55 AM"}
{"level":"info","message":"It is a GET request for blogs in router","timestamp":"12:39:55 AM"}
{"level":"info","message":"It is a GET request for blogs","timestamp":"12:39:55 AM"}
{"level":"info","message":"It is a GET request for blogs in router","timestamp":"12:42:39 AM"}
{"level":"info","message":"It is a GET request for blogs","timestamp":"12:42:39 AM"}
{"level":"info","message":"It is a GET request for blogs in router","timestamp":"10:26:49 PM"}
{"level":"info","message":"It is a GET request for blogs","timestamp":"10:26:49 PM"}
{"level":"info","message":"It is a GET request for blogs in router","timestamp":"10:45:45 PM"}
{"level":"info","message":"It is a GET request for blogs","timestamp":"10:45:45 PM"}
{"level":"info","message":"It is a GET request for blogs in router","timestamp":"10:45:47 PM"}
{"level":"info","message":"It is a GET request for blogs","timestamp":"10:45:47 PM"}
{"level":"info","message":"It is a GET request for blogs in router","timestamp":"10:46:16 PM"}
{"level":"info","message":"It is a GET request for blogs","timestamp":"10:46:16 PM"}
{"level":"info","message":"It is a GET request for blogs in router","timestamp":"11:09:27 PM"}
{"level":"info","message":"It is a GET request for blogs","timestamp":"11:09:27 PM"}
{"level":"info","message":"It is a PUT request for user","timestamp":"11:09:39 PM"}
{"level":"info","message":"It is a GET request for blogs in router","timestamp":"11:09:39 PM"}
{"level":"info","message":"It is a GET request for blogs","timestamp":"11:09:39 PM"}
{"level":"info","message":"It is a GET request for blogs in router","timestamp":"11:13:13 PM"}
{"level":"info","message":"It is a GET request for blogs","timestamp":"11:13:13 PM"}
{"level":"info","message":"It is a GET request for blogs in router","timestamp":"11:22:59 PM"}
{"level":"info","message":"It is a GET request for blogs","timestamp":"11:22:59 PM"}
{"level":"info","message":"It is a GET request for blogs in router","timestamp":"11:23:36 PM"}
{"level":"info","message":"It is a GET request for blogs","timestamp":"11:23:36 PM"}
{"level":"info","message":"It is a GET request for blogs in router","timestamp":"11:23:42 PM"}
{"level":"info","message":"It is a GET request for blogs","timestamp":"11:23:42 PM"}
{"level":"info","message":"It is a GET request for blogs in router","timestamp":"11:23:44 PM"}
{"level":"info","message":"It is a GET request for blogs","timestamp":"11:23:44 PM"}
{"level":"info","message":"It is a GET request for blogs in router","timestamp":"11:23:46 PM"}
{"level":"info","message":"It is a GET request for blogs","timestamp":"11:23:46 PM"}
{"level":"info","message":"It is a GET request for blogs in router","timestamp":"11:23:48 PM"}
{"level":"info","message":"It is a GET request for blogs","timestamp":"11:23:48 PM"}
{"level":"info","message":"It is a GET request for blogs in router","timestamp":"11:23:57 PM"}
{"level":"info","message":"It is a GET request for blogs","timestamp":"11:23:57 PM"}
{"level":"info","message":"It is a GET request for blogs in router","timestamp":"11:24:07 PM"}
{"level":"info","message":"It is a GET request for blogs","timestamp":"11:24:07 PM"}
{"level":"info","message":"It is a PUT request for user","timestamp":"11:24:30 PM"}
{"level":"info","message":"It is a GET request for blogs in router","timestamp":"11:24:30 PM"}
{"level":"info","message":"It is a GET request for blogs","timestamp":"11:24:30 PM"}
{"level":"info","message":"It is a GET request for blogs in router","timestamp":"11:25:39 PM"}
{"level":"info","message":"It is a GET request for blogs","timestamp":"11:25:40 PM"}
{"level":"info","message":"It is a PUT request for new user","timestamp":"11:26:06 PM"}
{"level":"info","message":"It is a GET request for blogs in router","timestamp":"11:26:06 PM"}
{"level":"info","message":"It is a GET request for blogs","timestamp":"11:26:06 PM"}
{"level":"info","message":"It is a GET request for blogs in router","timestamp":"11:31:33 PM"}
{"level":"info","message":"It is a GET request for blogs","timestamp":"11:31:33 PM"}
{"level":"info","message":"It is a GET request for blogs in router","timestamp":"11:36:16 PM"}
{"level":"info","message":"It is a GET request for blogs","timestamp":"11:36:16 PM"}
{"level":"info","message":"It is a GET request for blogs in router","timestamp":"11:36:24 PM"}
{"level":"info","message":"It is a GET request for blogs","timestamp":"11:36:25 PM"}
{"level":"info","message":"It is a GET request for blogs in router","timestamp":"11:39:25 PM"}
{"level":"info","message":"It is a GET request for blogs","timestamp":"11:39:25 PM"}
{"level":"info","message":"It is a PUT request for user","timestamp":"11:39:33 PM"}
{"level":"info","message":"It is a GET request for blogs in router","timestamp":"11:39:33 PM"}
{"level":"info","message":"It is a GET request for blogs","timestamp":"11:39:33 PM"}
{"level":"info","message":"It is a GET request for blogs in router","timestamp":"11:40:43 PM"}
{"level":"info","message":"It is a GET request for blogs","timestamp":"11:40:43 PM"}
{"level":"info","message":"It is a PUT request for new user","timestamp":"11:40:59 PM"}
{"level":"info","message":"It is a GET request for blogs in router","timestamp":"11:40:59 PM"}
{"level":"info","message":"It is a GET request for blogs","timestamp":"11:40:59 PM"}
{"level":"info","message":"It is a GET request for blogs in router","timestamp":"11:41:50 PM"}
{"level":"info","message":"It is a GET request for blogs","timestamp":"11:41:50 PM"}
{"level":"info","message":"It is a GET request for blogs in router","timestamp":"11:42:01 PM"}
{"level":"info","message":"It is a GET request for blogs","timestamp":"11:42:01 PM"}
{"level":"info","message":"It is a PUT request for user","timestamp":"11:42:12 PM"}
{"level":"info","message":"It is a GET request for blogs in router","timestamp":"11:42:12 PM"}
{"level":"info","message":"It is a GET request for blogs","timestamp":"11:42:12 PM"}
{"level":"info","message":"It is a GET request for blogs in router","timestamp":"11:52:44 PM"}
{"level":"info","message":"It is a GET request for blogs","timestamp":"11:52:44 PM"}
{"level":"info","message":"It is a PUT request for user","timestamp":"11:52:51 PM"}
{"level":"info","message":"It is a PUT request for user","timestamp":"11:54:21 PM"}
{"level":"info","message":"It is a GET request for blogs in router","timestamp":"11:54:21 PM"}
{"level":"info","message":"It is a GET request for blogs","timestamp":"11:54:21 PM"}
{"level":"info","message":"It is a GET request for blogs in router","timestamp":"11:55:27 PM"}
{"level":"info","message":"It is a GET request for blogs","timestamp":"11:55:27 PM"}
{"level":"info","message":"It is a PUT request for user","timestamp":"11:55:38 PM"}
{"level":"info","message":"It is a GET request for blogs in router","timestamp":"11:55:38 PM"}
{"level":"info","message":"It is a GET request for blogs","timestamp":"11:55:38 PM"}
{"level":"info","message":"It is a GET request for blogs in router","timestamp":"11:55:50 PM"}
{"level":"info","message":"It is a GET request for blogs","timestamp":"11:55:50 PM"}
{"level":"info","message":"It is a PUT request for user","timestamp":"11:56:00 PM"}
{"level":"info","message":"It is a GET request for blogs in router","timestamp":"11:56:00 PM"}
{"level":"info","message":"It is a GET request for blogs","timestamp":"11:56:00 PM"}
{"level":"info","message":"It is a PUT request for user","timestamp":"11:56:43 PM"}
{"level":"info","message":"It is a PUT request for user","timestamp":"11:57:28 PM"}
{"level":"info","message":"It is a PUT request for user","timestamp":"11:58:15 PM"}
{"level":"info","message":"It is a PUT request for user","timestamp":"12:00:25 AM"}
{"level":"info","message":"It is a PUT request for user","timestamp":"12:01:30 AM"}
{"level":"info","message":"It is a GET request for blogs in router","timestamp":"12:01:30 AM"}
{"level":"info","message":"It is a GET request for blogs","timestamp":"12:01:30 AM"}
{"level":"info","message":"It is a PUT request for user","timestamp":"12:02:05 AM"}
{"level":"info","message":"It is a PUT request for user","timestamp":"12:02:12 AM"}
{"level":"info","message":"It is a GET request for blogs in router","timestamp":"12:02:12 AM"}
{"level":"info","message":"It is a GET request for blogs","timestamp":"12:02:12 AM"}
{"level":"info","message":"It is a GET request for blogs in router","timestamp":"12:03:23 AM"}
{"level":"info","message":"It is a GET request for blogs","timestamp":"12:03:23 AM"}
{"level":"info","message":"It is a PUT request for new user","timestamp":"12:03:34 AM"}
{"level":"info","message":"It is a PUT request for new user","timestamp":"12:05:01 AM"}
{"level":"info","message":"It is a GET request for blogs in router","timestamp":"12:05:01 AM"}
{"level":"info","message":"It is a GET request for blogs","timestamp":"12:05:01 AM"}
{"level":"info","message":"It is a GET request for blogs in router","timestamp":"12:06:41 AM"}
{"level":"info","message":"It is a GET request for blogs","timestamp":"12:06:41 AM"}
{"level":"info","message":"It is a PUT request for new user","timestamp":"12:07:01 AM"}
{"level":"info","message":"It is a PUT request for new user","timestamp":"12:07:17 AM"}
{"level":"info","message":"It is a GET request for blogs in router","timestamp":"12:07:17 AM"}
{"level":"info","message":"It is a GET request for blogs","timestamp":"12:07:17 AM"}
{"level":"info","message":"It is a PUT request for user","timestamp":"12:09:48 AM"}
{"level":"info","message":"It is a PUT request for user","timestamp":"12:09:57 AM"}
{"level":"info","message":"It is a GET request for blogs in router","timestamp":"12:09:57 AM"}
{"level":"info","message":"It is a GET request for blogs","timestamp":"12:09:57 AM"}
{"level":"info","message":"It is a PUT request for new user","timestamp":"12:10:17 AM"}
{"level":"info","message":"It is a PUT request for new user","timestamp":"12:10:35 AM"}
{"level":"info","message":"It is a GET request for blogs in router","timestamp":"12:10:35 AM"}
{"level":"info","message":"It is a GET request for blogs","timestamp":"12:10:35 AM"}
